2016-06-03 20:52:51,269: INFO - mpcs_utils (line 43): https://juanmiracle.ucmpcs.org:4433/
2016-06-03 20:52:58,023: INFO - mpcs_utils (line 53): https://juanmiracle.ucmpcs.org:4433/register
2016-06-03 22:29:27,637: INFO - mpcs_utils (line 53): https://juanmiracle.ucmpcs.org:4433/register
2016-06-03 22:29:35,576: INFO - mpcs_utils (line 81): https://juanmiracle.ucmpcs.org:4433/login
2016-06-03 22:29:57,772: INFO - mpcs_utils (line 81): https://juanmiracle.ucmpcs.org:4433/login
2016-06-03 22:54:20,594: INFO - mpcs_utils (line 81): https://juanmiracle.ucmpcs.org:4433/login
2016-06-03 22:54:35,028: INFO - mpcs_utils (line 81): https://juanmiracle.ucmpcs.org:4433/login
2016-06-03 22:56:07,308: INFO - mpcs_utils (line 81): https://juanmiracle.ucmpcs.org:4433/login
2016-06-03 22:56:09,086: INFO - mpcs_utils (line 81): https://juanmiracle.ucmpcs.org:4433/login
2016-06-04 01:06:35,669: INFO - mpcs_utils (line 43): https://juanmiracle.ucmpcs.org:4433/
2016-06-04 01:47:06,091: INFO - mpcs_utils (line 43): https://juanmiracle.ucmpcs.org:4433/
2016-06-04 08:29:42,657: INFO - mpcs_utils (line 81): https://juanmiracle.ucmpcs.org:4433/login?redirect_url=https://juanmiracle.ucmpcs.org:4433/annotate
2016-06-04 08:29:45,054: INFO - mpcs_utils (line 43): https://juanmiracle.ucmpcs.org:4433/
2016-06-04 08:53:40,313: INFO - mpcs_utils (line 43): https://juanmiracle.ucmpcs.org:4433/
2016-06-04 08:53:42,898: INFO - mpcs_utils (line 43): https://juanmiracle.ucmpcs.org:4433/
2016-06-04 10:17:08,648: INFO - mpcs_utils (line 43): https://juanmiracle.ucmpcs.org:4433/
2016-06-04 11:05:26,523: INFO - mpcs_utils (line 82): https://juanmiracle.ucmpcs.org:4433/login?redirect_url=https://juanmiracle.ucmpcs.org:4433/annotate
2016-06-04 11:24:58,755: INFO - mpcs_utils (line 43): https://juanmiracle.ucmpcs.org:4433/
2016-06-04 16:47:55,474: INFO - mpcs_utils (line 43): https://juanmiracle.ucmpcs.org:4433/
2016-06-04 20:15:40,982: INFO - mpcs_utils (line 43): https://juanmiracle.ucmpcs.org:4433/
2016-06-04 20:25:10,951: INFO - mpcs_utils (line 43): https://juanmiracle.ucmpcs.org:4433/
2016-06-04 20:25:11,183: INFO - mpcs_utils (line 43): https://juanmiracle.ucmpcs.org:4433/
2016-06-04 21:42:51,912: INFO - mpcs_utils (line 82): https://juanmiracle.ucmpcs.org:4433/login?redirect_url=https://juanmiracle.ucmpcs.org:4433/annotations
2016-06-04 21:42:53,485: INFO - mpcs_utils (line 82): https://juanmiracle.ucmpcs.org:4433/login?redirect_url=https://juanmiracle.ucmpcs.org:4433/annotations
2016-06-05 00:53:31,851: INFO - mpcs_utils (line 43): https://juanmiracle.ucmpcs.org:4433/
2016-06-05 01:15:53,682: INFO - mpcs_utils (line 43): https://juanmiracle.ucmpcs.org:4433/
2016-06-05 09:48:56,194: INFO - mpcs_utils (line 43): https://juanmiracle.ucmpcs.org:4433/
2016-06-05 12:00:57,187: INFO - mpcs_utils (line 43): https://juanmiracle.ucmpcs.org:4433/
2016-06-05 12:02:56,366: INFO - mpcs_utils (line 82): https://juanmiracle.ucmpcs.org:4433/login?redirect_url=https://juanmiracle.ucmpcs.org:4433/annotations/1c223e60-f031-4954-acee-86ec9c7b5c7e
2016-06-05 12:04:55,660: INFO - mpcs_utils (line 43): https://juanmiracle.ucmpcs.org:4433/
2016-06-05 12:05:25,197: INFO - mpcs_utils (line 43): https://juanmiracle.ucmpcs.org:4433/
2016-06-05 12:05:28,795: INFO - mpcs_utils (line 82): https://juanmiracle.ucmpcs.org:4433/login
2016-06-05 12:05:54,651: INFO - mpcs_utils (line 82): https://juanmiracle.ucmpcs.org:4433/login
2016-06-05 12:06:07,539: INFO - mpcs_utils (line 53): https://juanmiracle.ucmpcs.org:4433/register
2016-06-05 12:06:39,603: INFO - mpcs_utils (line 69): https://juanmiracle.ucmpcs.org:4433/register/b938d0591f3544b0ae2739e56b86283f
2016-06-05 12:06:42,611: INFO - mpcs_utils (line 82): https://juanmiracle.ucmpcs.org:4433/login
2016-06-05 12:08:15,402: INFO - mpcs_utils (line 82): https://juanmiracle.ucmpcs.org:4433/login?redirect_url=https://juanmiracle.ucmpcs.org:4433/annotations/1c223e60-f031-4954-acee-86ec9c7b5c7e
